<?xml version="1.0" encoding="UTF-8"?>
<testsuites name="jest tests" tests="5" failures="0" errors="0" time="6.66">
  <testsuite name="undefined" errors="0" failures="0" skipped="0" timestamp="2022-12-21T14:15:03" time="1.638" tests="1">
    <testcase classname=" test" name=" test" time="0.003">
    </testcase>
  </testsuite>
  <testsuite name="undefined" errors="0" failures="0" skipped="0" timestamp="2022-12-21T14:15:03" time="4.056" tests="4">
    <testcase classname=" should render Profiel component" name=" should render Profiel component" time="0.252">
    </testcase>
    <testcase classname=" testing getAll function" name=" testing getAll function" time="0.088">
    </testcase>
    <testcase classname=" testing getProductsFromUser" name=" testing getProductsFromUser" time="0.08">
    </testcase>
    <testcase classname=" test" name=" test" time="0.001">
    </testcase>
  </testsuite>
</testsuites>