<?xml version="1.0" encoding="UTF-8"?>
<testsuites name="jest tests" tests="2" failures="0" errors="0" time="4.576">
  <testsuite name="undefined" errors="0" failures="0" skipped="0" timestamp="2022-12-21T09:22:54" time="3.451" tests="2">
    <testcase classname=" should render Profiel component" name=" should render Profiel component" time="0.336">
    </testcase>
    <testcase classname=" test" name=" test" time="0.001">
    </testcase>
  </testsuite>
</testsuites>