<?xml version="1.0" encoding="UTF-8"?>
<testsuites name="jest tests" tests="4" failures="0" errors="0" time="5.935">
  <testsuite name="undefined" errors="0" failures="0" skipped="0" timestamp="2022-12-21T09:04:36" time="4.705" tests="4">
    <testcase classname=" should render Profiel component" name=" should render Profiel component" time="0.282">
    </testcase>
    <testcase classname=" testing getAll function" name=" testing getAll function" time="0.155">
    </testcase>
    <testcase classname=" testing getProductsFromUser" name=" testing getProductsFromUser" time="0.147">
    </testcase>
    <testcase classname=" test" name=" test" time="0.002">
    </testcase>
  </testsuite>
</testsuites>