<?xml version="1.0" encoding="UTF-8"?>
<testsuites name="jest tests" tests="2" failures="0" errors="0" time="3.266">
  <testsuite name="undefined" errors="0" failures="0" skipped="0" timestamp="2022-10-23T09:58:33" time="2.003" tests="2">
    <testcase classname=" should render Gebruiker component" name=" should render Gebruiker component" time="0.045">
    </testcase>
    <testcase classname=" test" name=" test" time="0.001">
    </testcase>
  </testsuite>
</testsuites>